2.5798 	WARNING 	We strongly recommend you activate the PTB sound engine in PsychoPy prefs as the preferred audio engine. Its timing is vastly superior. Your prefs are currently set to use ['sounddevice', 'PTB', 'pyo', 'pygame'] (in that order).
10.7854 	WARNING 	User requested fullscreen with size [1536  864], but screen is actually [1920, 1080]. Using actual size
13.2558 	EXP 	Created window1 = Window(allowGUI=False, allowStencil=False, autoLog=True, backendConf=UNKNOWN, bitsMode=UNKNOWN, blendMode='avg', bpc=(8, 8, 8), color=array([0, 0, 0]), colorSpace='rgb', depthBits=8, fullscr=<method-wrapper '__getattribute__' of attributeSetter object at 0x0000023615765C88>, gamma=None, gammaErrorPolicy='raise', lms=UNKNOWN, monitor=<psychopy.monitors.calibTools.Monitor object at 0x0000023615690390>, multiSample=False, name='window1', numSamples=2, pos=[0.0, 0.0], screen=0, size=array([1920, 1080]), stencilBits=0, stereo=False, units='height', useFBO=True, useRetina=False, viewOri=0.0, viewPos=None, viewScale=None, waitBlanking=True, winType='pyglet')
13.2566 	EXP 	window1: mouseVisible = True
13.2567 	EXP 	window1: recordFrameIntervals = False
13.4214 	EXP 	window1: recordFrameIntervals = True
15.0882 	WARNING 	Couldn't measure a consistent frame rate.
  - Is your graphics card set to sync to vertical blank?
  - Are you running other processes on your computer?

15.9617 	EXP 	Created Instr1_text = TextStim(__class__=<class 'psychopy.visual.text.TextStim'>, alignHoriz=method-wrapper(...), alignText='center', alignVert=method-wrapper(...), anchorHoriz='center', anchorVert='center', antialias=True, autoLog=True, bold=False, color=array([1., 1., 1.]), colorSpace='rgb', contrast=1.0, depth=0.0, flipHoriz=False, flipVert=False, font='Open Sans', fontFiles=[], height=0.04, italic=False, languageStyle='LTR', name='Instr1_text', opacity=1, ori=0.0, pos=array([0., 0.]), rgb=UNKNOWN, text=str(...), units='height', win=Window(...), wrapWidth=1)
15.9873 	EXP 	Created Instr2_text = TextStim(__class__=<class 'psychopy.visual.text.TextStim'>, alignHoriz=method-wrapper(...), alignText='center', alignVert=method-wrapper(...), anchorHoriz='center', anchorVert='center', antialias=True, autoLog=True, bold=False, color=array([1., 1., 1.]), colorSpace='rgb', contrast=1.0, depth=0.0, flipHoriz=False, flipVert=False, font='Open Sans', fontFiles=[], height=0.05, italic=False, languageStyle='LTR', name='Instr2_text', opacity=1, ori=0.0, pos=array([0., 0.]), rgb=UNKNOWN, text=str(...), units='height', win=Window(...), wrapWidth=1)
16.0146 	EXP 	Created ExQuestion = TextStim(__class__=<class 'psychopy.visual.text.TextStim'>, alignHoriz=method-wrapper(...), alignText='center', alignVert=method-wrapper(...), anchorHoriz='center', anchorVert='center', antialias=True, autoLog=True, bold=False, color=array([1., 1., 1.]), colorSpace='rgb', contrast=1.0, depth=0.0, flipHoriz=False, flipVert=False, font='Open Sans', fontFiles=[], height=0.1, italic=False, languageStyle='LTR', name='ExQuestion', opacity=1, ori=0.0, pos=array([0., 0.]), rgb=UNKNOWN, text='Что рифмуется со словом "молодец"?', units='height', win=Window(...), wrapWidth=1)
16.0249 	EXP 	Created ExWordL = TextStim(__class__=<class 'psychopy.visual.text.TextStim'>, alignHoriz=method-wrapper(...), alignText='center', alignVert=method-wrapper(...), anchorHoriz='center', anchorVert='center', antialias=True, autoLog=True, bold=False, color=array([1., 1., 1.]), colorSpace='rgb', contrast=1.0, depth=-1.0, flipHoriz=False, flipVert=False, font='Open Sans', fontFiles=[], height=0.07, italic=False, languageStyle='LTR', name='ExWordL', opacity=1, ori=0.0, pos=array([-0.4,  0. ]), rgb=UNKNOWN, text='конец', units='height', win=Window(...), wrapWidth=1)
16.0320 	EXP 	Created ExWordR = TextStim(__class__=<class 'psychopy.visual.text.TextStim'>, alignHoriz=method-wrapper(...), alignText='center', alignVert=method-wrapper(...), anchorHoriz='center', anchorVert='center', antialias=True, autoLog=True, bold=False, color=array([1., 1., 1.]), colorSpace='rgb', contrast=1.0, depth=-2.0, flipHoriz=False, flipVert=False, font='Open Sans', fontFiles=[], height=0.07, italic=False, languageStyle='LTR', name='ExWordR', opacity=1, ori=0.0, pos=array([0.4, 0. ]), rgb=UNKNOWN, text='голова', units='height', win=Window(...), wrapWidth=1)
16.0499 	EXP 	Created ExHint = TextStim(__class__=<class 'psychopy.visual.text.TextStim'>, alignHoriz=method-wrapper(...), alignText='center', alignVert=method-wrapper(...), anchorHoriz='center', anchorVert='center', antialias=True, autoLog=True, bold=False, color=array([1., 1., 1.]), colorSpace='rgb', contrast=1.0, depth=-3.0, flipHoriz=False, flipVert=False, font='Open Sans', fontFiles=[], height=0.03, italic=False, languageStyle='LTR', name='ExHint', opacity=1, ori=0.0, pos=array([0., 0.]), rgb=UNKNOWN, text=str(...), units='height', win=Window(...), wrapWidth=1)
16.0808 	EXP 	Created Instr3_text = TextStim(__class__=<class 'psychopy.visual.text.TextStim'>, alignHoriz=method-wrapper(...), alignText='center', alignVert=method-wrapper(...), anchorHoriz='center', anchorVert='center', antialias=True, autoLog=True, bold=False, color=array([1., 1., 1.]), colorSpace='rgb', contrast=1.0, depth=0.0, flipHoriz=False, flipVert=False, font='Open Sans', fontFiles=[], height=0.05, italic=False, languageStyle='LTR', name='Instr3_text', opacity=1, ori=0.0, pos=array([0., 0.]), rgb=UNKNOWN, text=str(...), units='height', win=Window(...), wrapWidth=1)
16.0824 	EXP 	Created TestQuestion = TextStim(__class__=<class 'psychopy.visual.text.TextStim'>, alignHoriz=method-wrapper(...), alignText='center', alignVert=method-wrapper(...), anchorHoriz='center', anchorVert='center', antialias=True, autoLog=True, bold=False, color=array([1., 1., 1.]), colorSpace='rgb', contrast=1.0, depth=0.0, flipHoriz=False, flipVert=False, font='Open Sans', fontFiles=[], height=0.1, italic=False, languageStyle='LTR', name='TestQuestion', opacity=1, ori=0.0, pos=array([0., 0.]), rgb=UNKNOWN, text='', units='height', win=Window(...), wrapWidth=1)
16.0841 	EXP 	Created TestWordL = TextStim(__class__=<class 'psychopy.visual.text.TextStim'>, alignHoriz=method-wrapper(...), alignText='center', alignVert=method-wrapper(...), anchorHoriz='center', anchorVert='center', antialias=True, autoLog=True, bold=False, color=array([1., 1., 1.]), colorSpace='rgb', contrast=1.0, depth=-1.0, flipHoriz=False, flipVert=False, font='Open Sans', fontFiles=[], height=0.07, italic=False, languageStyle='LTR', name='TestWordL', opacity=1, ori=0.0, pos=array([-0.4,  0. ]), rgb=UNKNOWN, text='', units='height', win=Window(...), wrapWidth=1)
16.0858 	EXP 	Created TestWordR = TextStim(__class__=<class 'psychopy.visual.text.TextStim'>, alignHoriz=method-wrapper(...), alignText='center', alignVert=method-wrapper(...), anchorHoriz='center', anchorVert='center', antialias=True, autoLog=True, bold=False, color=array([1., 1., 1.]), colorSpace='rgb', contrast=1.0, depth=-2.0, flipHoriz=False, flipVert=False, font='Open Sans', fontFiles=[], height=0.07, italic=False, languageStyle='LTR', name='TestWordR', opacity=1, ori=0.0, pos=array([0.4, 0. ]), rgb=UNKNOWN, text='', units='height', win=Window(...), wrapWidth=1)
16.0920 	EXP 	Created TestHint = TextStim(__class__=<class 'psychopy.visual.text.TextStim'>, alignHoriz=method-wrapper(...), alignText='center', alignVert=method-wrapper(...), anchorHoriz='center', anchorVert='center', antialias=True, autoLog=True, bold=False, color=array([1., 1., 1.]), colorSpace='rgb', contrast=1.0, depth=-3.0, flipHoriz=False, flipVert=False, font='Open Sans', fontFiles=[], height=0.03, italic=False, languageStyle='LTR', name='TestHint', opacity=1, ori=0.0, pos=array([0., 0.]), rgb=UNKNOWN, text=str(...), units='height', win=Window(...), wrapWidth=1)
16.1180 	EXP 	Created Instr4_text = TextStim(__class__=<class 'psychopy.visual.text.TextStim'>, alignHoriz=method-wrapper(...), alignText='center', alignVert=method-wrapper(...), anchorHoriz='center', anchorVert='center', antialias=True, autoLog=True, bold=False, color=array([1., 1., 1.]), colorSpace='rgb', contrast=1.0, depth=0.0, flipHoriz=False, flipVert=False, font='Open Sans', fontFiles=[], height=0.03, italic=False, languageStyle='LTR', name='Instr4_text', opacity=1, ori=0.0, pos=array([0., 0.]), rgb=UNKNOWN, text=str(...), units='height', win=Window(...), wrapWidth=1)
16.1198 	EXP 	Created Recogn_word = TextStim(__class__=<class 'psychopy.visual.text.TextStim'>, alignHoriz=method-wrapper(...), alignText='center', alignVert=method-wrapper(...), anchorHoriz='center', anchorVert='center', antialias=True, autoLog=True, bold=False, color=array([1., 1., 1.]), colorSpace='rgb', contrast=1.0, depth=0.0, flipHoriz=False, flipVert=False, font='Open Sans', fontFiles=[], height=0.04, italic=False, languageStyle='LTR', name='Recogn_word', opacity=1, ori=0.0, pos=array([0., 0.]), rgb=UNKNOWN, text='', units='height', win=Window(...), wrapWidth=1)
16.1276 	EXP 	Created Recogn_hint = TextStim(__class__=<class 'psychopy.visual.text.TextStim'>, alignHoriz=method-wrapper(...), alignText='center', alignVert=method-wrapper(...), anchorHoriz='center', anchorVert='center', antialias=True, autoLog=True, bold=False, color=array([1., 1., 1.]), colorSpace='rgb', contrast=1.0, depth=-1.0, flipHoriz=False, flipVert=False, font='Open Sans', fontFiles=[], height=0.03, italic=False, languageStyle='LTR', name='Recogn_hint', opacity=1, ori=0.0, pos=array([ 0. , -0.4]), rgb=UNKNOWN, text=str(...), units='height', win=Window(...), wrapWidth=1)
16.1340 	EXP 	Created Goodbye_text = TextStim(__class__=<class 'psychopy.visual.text.TextStim'>, alignHoriz=method-wrapper(...), alignText='center', alignVert=method-wrapper(...), anchorHoriz='center', anchorVert='center', antialias=True, autoLog=True, bold=False, color=array([1., 1., 1.]), colorSpace='rgb', contrast=1.0, depth=0.0, flipHoriz=False, flipVert=False, font='Open Sans', fontFiles=[], height=0.03, italic=False, languageStyle='LTR', name='Goodbye_text', opacity=1, ori=0.0, pos=array([0., 0.]), rgb=UNKNOWN, text=str(...), units='height', win=Window(...), wrapWidth=1)
16.1715 	WARNING 	t of last frame was 1083.71ms (=1/0)
16.1715 	EXP 	Instr1_text: autoDraw = True
16.9647 	DATA 	Keypress: space
16.9720 	EXP 	Instr1_text: autoDraw = False
16.9720 	EXP 	Instr2_text: autoDraw = True
17.3158 	DATA 	Keypress: space
17.3221 	EXP 	Instr2_text: autoDraw = False
17.3221 	EXP 	ExQuestion: autoDraw = True
17.3431 	WARNING 	t of last frame was 20.99ms (=1/47)
19.4380 	WARNING 	t of last frame was 28.81ms (=1/34)
21.8407 	WARNING 	t of last frame was 20.78ms (=1/48)
22.3044 	EXP 	ExWordL: autoDraw = True
22.3044 	EXP 	ExWordR: autoDraw = True
22.3376 	EXP 	ExQuestion: autoDraw = False
24.3049 	EXP 	ExHint: autoDraw = True
24.3195 	EXP 	ExWordL: autoDraw = False
24.3195 	EXP 	ExWordR: autoDraw = False
24.8969 	DATA 	Keypress: f
24.9042 	EXP 	ExQuestion: autoDraw = False
24.9042 	EXP 	ExWordL: autoDraw = False
24.9042 	EXP 	ExWordR: autoDraw = False
24.9042 	EXP 	ExHint: autoDraw = False
24.9042 	EXP 	Instr3_text: autoDraw = True
27.5933 	EXP 	Imported conditions_memory_loop.xlsx as conditions, 80 conditions, 5 params
27.5950 	EXP 	Created sequence: random, trialTypes=80, nReps=1, seed=None
27.5957 	EXP 	New trial (rep=0, index=0): {'question': None, 'wordL': None, 'wordR': None, 'wordcolorL': None, 'wordcolorR': None}
27.6024 	DATA 	Keypress: space
27.6192 	WARNING 	Multiple dropped frames have occurred - I'll stop bothering you about them!
27.6191 	EXP 	Instr3_text: autoDraw = False
27.6191 	EXP 	TestQuestion: text = ''
27.6191 	EXP 	TestWordL: text = ''
27.6191 	EXP 	TestWordR: text = ''
27.6191 	EXP 	TestQuestion: autoDraw = True
32.6032 	EXP 	TestWordL: autoDraw = True
32.6032 	EXP 	TestWordR: autoDraw = True
32.6184 	EXP 	TestQuestion: autoDraw = False
34.6026 	EXP 	TestHint: autoDraw = True
34.6183 	EXP 	TestWordL: autoDraw = False
34.6183 	EXP 	TestWordR: autoDraw = False
35.6416 	EXP 	New trial (rep=0, index=1): {'question': None, 'wordL': None, 'wordR': None, 'wordcolorL': None, 'wordcolorR': None}
35.6482 	DATA 	Keypress: j
35.6539 	EXP 	TestQuestion: autoDraw = False
35.6539 	EXP 	TestWordL: autoDraw = False
35.6539 	EXP 	TestWordR: autoDraw = False
35.6539 	EXP 	TestHint: autoDraw = False
35.6539 	EXP 	TestQuestion: text = ''
35.6539 	EXP 	TestWordL: text = ''
35.6539 	EXP 	TestWordR: text = ''
35.6539 	EXP 	TestQuestion: autoDraw = True
40.6507 	EXP 	TestQuestion: autoDraw = False
40.6507 	EXP 	TestWordL: autoDraw = True
40.6507 	EXP 	TestWordR: autoDraw = True
42.6504 	EXP 	TestWordL: autoDraw = False
42.6504 	EXP 	TestWordR: autoDraw = False
42.6504 	EXP 	TestHint: autoDraw = True
43.8427 	DATA 	Keypress: f
43.8555 	EXP 	New trial (rep=0, index=2): {'question': 'Какое слово написано мелким шрифтом?', 'wordL': 'месяц', 'wordR': 'ЯЗЫК', 'wordcolorL': 'white', 'wordcolorR': 'white'}
43.9352 	EXP 	TestQuestion: autoDraw = False
43.9352 	EXP 	TestWordL: autoDraw = False
43.9352 	EXP 	TestWordR: autoDraw = False
43.9352 	EXP 	TestHint: autoDraw = False
43.9352 	EXP 	TestQuestion: text = 'Какое слово написано мелким шрифтом?'
43.9352 	EXP 	TestWordL: text = 'месяц'
43.9352 	EXP 	TestWordR: text = 'ЯЗЫК'
43.9352 	EXP 	TestQuestion: autoDraw = True
48.9169 	EXP 	TestWordL: autoDraw = True
48.9169 	EXP 	TestWordR: autoDraw = True
48.9496 	EXP 	TestQuestion: autoDraw = False
50.9161 	EXP 	TestWordL: autoDraw = False
50.9161 	EXP 	TestWordR: autoDraw = False
50.9161 	EXP 	TestHint: autoDraw = True
51.9893 	DATA 	Keypress: f
52.0061 	EXP 	New trial (rep=0, index=3): {'question': None, 'wordL': None, 'wordR': None, 'wordcolorL': None, 'wordcolorR': None}
52.0491 	EXP 	TestQuestion: autoDraw = False
52.0491 	EXP 	TestWordL: autoDraw = False
52.0491 	EXP 	TestWordR: autoDraw = False
52.0491 	EXP 	TestHint: autoDraw = False
52.0491 	EXP 	TestQuestion: text = 'Какое слово написано мелким шрифтом?'
52.0491 	EXP 	TestWordL: text = 'месяц'
52.0491 	EXP 	TestWordR: text = 'ЯЗЫК'
52.0491 	EXP 	TestQuestion: autoDraw = True
54.6202 	DATA 	Keypress: escape
54.8169 	EXP 	window1: mouseVisible = True
