2.6803 	WARNING 	We strongly recommend you activate the PTB sound engine in PsychoPy prefs as the preferred audio engine. Its timing is vastly superior. Your prefs are currently set to use ['sounddevice', 'PTB', 'pyo', 'pygame'] (in that order).
8.4005 	WARNING 	User requested fullscreen with size [1536  864], but screen is actually [1920, 1080]. Using actual size
9.6500 	EXP 	Created window1 = Window(allowGUI=False, allowStencil=False, autoLog=True, backendConf=UNKNOWN, bitsMode=UNKNOWN, blendMode='avg', bpc=(8, 8, 8), color=array([0, 0, 0]), colorSpace='rgb', depthBits=8, fullscr=<method-wrapper '__getattribute__' of attributeSetter object at 0x0000023BEC315C88>, gamma=None, gammaErrorPolicy='raise', lms=UNKNOWN, monitor=<psychopy.monitors.calibTools.Monitor object at 0x0000023BEC265390>, multiSample=False, name='window1', numSamples=2, pos=[0.0, 0.0], screen=0, size=array([1920, 1080]), stencilBits=0, stereo=False, units='height', useFBO=True, useRetina=False, viewOri=0.0, viewPos=None, viewScale=None, waitBlanking=True, winType='pyglet')
9.6506 	EXP 	window1: mouseVisible = True
9.6507 	EXP 	window1: recordFrameIntervals = False
9.8154 	EXP 	window1: recordFrameIntervals = True
10.3824 	EXP 	window1: recordFrameIntervals = False
11.1370 	EXP 	Created Instr1_text = TextStim(__class__=<class 'psychopy.visual.text.TextStim'>, alignHoriz=method-wrapper(...), alignText='center', alignVert=method-wrapper(...), anchorHoriz='center', anchorVert='center', antialias=True, autoLog=True, bold=False, color=array([1., 1., 1.]), colorSpace='rgb', contrast=1.0, depth=0.0, flipHoriz=False, flipVert=False, font='Open Sans', fontFiles=[], height=0.03, italic=False, languageStyle='LTR', name='Instr1_text', opacity=1, ori=0.0, pos=array([0., 0.]), rgb=UNKNOWN, text=str(...), units='height', win=Window(...), wrapWidth=1)
11.1606 	EXP 	Created Instr2_text = TextStim(__class__=<class 'psychopy.visual.text.TextStim'>, alignHoriz=method-wrapper(...), alignText='center', alignVert=method-wrapper(...), anchorHoriz='center', anchorVert='center', antialias=True, autoLog=True, bold=False, color=array([1., 1., 1.]), colorSpace='rgb', contrast=1.0, depth=0.0, flipHoriz=False, flipVert=False, font='Open Sans', fontFiles=[], height=0.05, italic=False, languageStyle='LTR', name='Instr2_text', opacity=1, ori=0.0, pos=array([0., 0.]), rgb=UNKNOWN, text=str(...), units='height', win=Window(...), wrapWidth=1)
11.1872 	EXP 	Created ExQuestion = TextStim(__class__=<class 'psychopy.visual.text.TextStim'>, alignHoriz=method-wrapper(...), alignText='center', alignVert=method-wrapper(...), anchorHoriz='center', anchorVert='center', antialias=True, autoLog=True, bold=False, color=array([1., 1., 1.]), colorSpace='rgb', contrast=1.0, depth=0.0, flipHoriz=False, flipVert=False, font='Open Sans', fontFiles=[], height=0.1, italic=False, languageStyle='LTR', name='ExQuestion', opacity=1, ori=0.0, pos=array([0., 0.]), rgb=UNKNOWN, text='Что рифмуется со словом "молодец"?', units='height', win=Window(...), wrapWidth=1)
11.1961 	EXP 	Created ExWordL = TextStim(__class__=<class 'psychopy.visual.text.TextStim'>, alignHoriz=method-wrapper(...), alignText='center', alignVert=method-wrapper(...), anchorHoriz='center', anchorVert='center', antialias=True, autoLog=True, bold=False, color=array([1., 1., 1.]), colorSpace='rgb', contrast=1.0, depth=-1.0, flipHoriz=False, flipVert=False, font='Open Sans', fontFiles=[], height=0.07, italic=False, languageStyle='LTR', name='ExWordL', opacity=1, ori=0.0, pos=array([-0.2,  0. ]), rgb=UNKNOWN, text='конец', units='height', win=Window(...), wrapWidth=1)
11.2035 	EXP 	Created ExWordR = TextStim(__class__=<class 'psychopy.visual.text.TextStim'>, alignHoriz=method-wrapper(...), alignText='center', alignVert=method-wrapper(...), anchorHoriz='center', anchorVert='center', antialias=True, autoLog=True, bold=False, color=array([1., 1., 1.]), colorSpace='rgb', contrast=1.0, depth=-2.0, flipHoriz=False, flipVert=False, font='Open Sans', fontFiles=[], height=0.07, italic=False, languageStyle='LTR', name='ExWordR', opacity=1, ori=0.0, pos=array([0.2, 0. ]), rgb=UNKNOWN, text='голова', units='height', win=Window(...), wrapWidth=1)
11.2171 	EXP 	Created ExHint = TextStim(__class__=<class 'psychopy.visual.text.TextStim'>, alignHoriz=method-wrapper(...), alignText='center', alignVert=method-wrapper(...), anchorHoriz='center', anchorVert='center', antialias=True, autoLog=True, bold=False, color=array([1., 1., 1.]), colorSpace='rgb', contrast=1.0, depth=-3.0, flipHoriz=False, flipVert=False, font='Open Sans', fontFiles=[], height=0.03, italic=False, languageStyle='LTR', name='ExHint', opacity=1, ori=0.0, pos=array([0., 0.]), rgb=UNKNOWN, text=str(...), units='height', win=Window(...), wrapWidth=1)
11.2461 	EXP 	Created Instr3_text = TextStim(__class__=<class 'psychopy.visual.text.TextStim'>, alignHoriz=method-wrapper(...), alignText='center', alignVert=method-wrapper(...), anchorHoriz='center', anchorVert='center', antialias=True, autoLog=True, bold=False, color=array([1., 1., 1.]), colorSpace='rgb', contrast=1.0, depth=0.0, flipHoriz=False, flipVert=False, font='Open Sans', fontFiles=[], height=0.05, italic=False, languageStyle='LTR', name='Instr3_text', opacity=1, ori=0.0, pos=array([0., 0.]), rgb=UNKNOWN, text=str(...), units='height', win=Window(...), wrapWidth=1)
11.2485 	EXP 	Created TestQuestion = TextStim(__class__=<class 'psychopy.visual.text.TextStim'>, alignHoriz=method-wrapper(...), alignText='center', alignVert=method-wrapper(...), anchorHoriz='center', anchorVert='center', antialias=True, autoLog=True, bold=False, color=array([1., 1., 1.]), colorSpace='rgb', contrast=1.0, depth=0.0, flipHoriz=False, flipVert=False, font='Open Sans', fontFiles=[], height=0.1, italic=False, languageStyle='LTR', name='TestQuestion', opacity=1, ori=0.0, pos=array([0., 0.]), rgb=UNKNOWN, text='', units='height', win=Window(...), wrapWidth=1)
11.2502 	EXP 	Created TestWordL = TextStim(__class__=<class 'psychopy.visual.text.TextStim'>, alignHoriz=method-wrapper(...), alignText='center', alignVert=method-wrapper(...), anchorHoriz='center', anchorVert='center', antialias=True, autoLog=True, bold=False, color=array([1., 1., 1.]), colorSpace='rgb', contrast=1.0, depth=-1.0, flipHoriz=False, flipVert=False, font='Open Sans', fontFiles=[], height=0.07, italic=False, languageStyle='LTR', name='TestWordL', opacity=1, ori=0.0, pos=array([-0.2,  0. ]), rgb=UNKNOWN, text='', units='height', win=Window(...), wrapWidth=1)
11.2515 	EXP 	Created TestWordR = TextStim(__class__=<class 'psychopy.visual.text.TextStim'>, alignHoriz=method-wrapper(...), alignText='center', alignVert=method-wrapper(...), anchorHoriz='center', anchorVert='center', antialias=True, autoLog=True, bold=False, color=array([1., 1., 1.]), colorSpace='rgb', contrast=1.0, depth=-2.0, flipHoriz=False, flipVert=False, font='Open Sans', fontFiles=[], height=0.07, italic=False, languageStyle='LTR', name='TestWordR', opacity=1, ori=0.0, pos=array([0.2, 0. ]), rgb=UNKNOWN, text='', units='height', win=Window(...), wrapWidth=1)
11.2573 	EXP 	Created TestHint = TextStim(__class__=<class 'psychopy.visual.text.TextStim'>, alignHoriz=method-wrapper(...), alignText='center', alignVert=method-wrapper(...), anchorHoriz='center', anchorVert='center', antialias=True, autoLog=True, bold=False, color=array([1., 1., 1.]), colorSpace='rgb', contrast=1.0, depth=-3.0, flipHoriz=False, flipVert=False, font='Open Sans', fontFiles=[], height=0.03, italic=False, languageStyle='LTR', name='TestHint', opacity=1, ori=0.0, pos=array([0., 0.]), rgb=UNKNOWN, text=str(...), units='height', win=Window(...), wrapWidth=1)
11.2789 	EXP 	Created Instr4_text = TextStim(__class__=<class 'psychopy.visual.text.TextStim'>, alignHoriz=method-wrapper(...), alignText='center', alignVert=method-wrapper(...), anchorHoriz='center', anchorVert='center', antialias=True, autoLog=True, bold=False, color=array([1., 1., 1.]), colorSpace='rgb', contrast=1.0, depth=0.0, flipHoriz=False, flipVert=False, font='Open Sans', fontFiles=[], height=0.03, italic=False, languageStyle='LTR', name='Instr4_text', opacity=1, ori=0.0, pos=array([0., 0.]), rgb=UNKNOWN, text=str(...), units='height', win=Window(...), wrapWidth=1)
11.2826 	EXP 	Created Recogn_word = TextStim(__class__=<class 'psychopy.visual.text.TextStim'>, alignHoriz=method-wrapper(...), alignText='center', alignVert=method-wrapper(...), anchorHoriz='center', anchorVert='center', antialias=True, autoLog=True, bold=False, color=array([1., 1., 1.]), colorSpace='rgb', contrast=1.0, depth=0.0, flipHoriz=False, flipVert=False, font='Open Sans', fontFiles=[], height=0.04, italic=False, languageStyle='LTR', name='Recogn_word', opacity=1, ori=0.0, pos=array([0., 0.]), rgb=UNKNOWN, text='', units='height', win=Window(...), wrapWidth=1)
11.2907 	EXP 	Created Recogn_hint = TextStim(__class__=<class 'psychopy.visual.text.TextStim'>, alignHoriz=method-wrapper(...), alignText='center', alignVert=method-wrapper(...), anchorHoriz='center', anchorVert='center', antialias=True, autoLog=True, bold=False, color=array([1., 1., 1.]), colorSpace='rgb', contrast=1.0, depth=-1.0, flipHoriz=False, flipVert=False, font='Open Sans', fontFiles=[], height=0.03, italic=False, languageStyle='LTR', name='Recogn_hint', opacity=1, ori=0.0, pos=array([ 0. , -0.4]), rgb=UNKNOWN, text=str(...), units='height', win=Window(...), wrapWidth=1)
11.2990 	EXP 	Created Goodbye_text = TextStim(__class__=<class 'psychopy.visual.text.TextStim'>, alignHoriz=method-wrapper(...), alignText='center', alignVert=method-wrapper(...), anchorHoriz='center', anchorVert='center', antialias=True, autoLog=True, bold=False, color=array([1., 1., 1.]), colorSpace='rgb', contrast=1.0, depth=0.0, flipHoriz=False, flipVert=False, font='Open Sans', fontFiles=[], height=0.03, italic=False, languageStyle='LTR', name='Goodbye_text', opacity=1, ori=0.0, pos=array([0., 0.]), rgb=UNKNOWN, text=str(...), units='height', win=Window(...), wrapWidth=1)
11.3336 	EXP 	Instr1_text: autoDraw = True
14.9970 	DATA 	Keypress: space
15.0150 	EXP 	Instr1_text: autoDraw = False
15.0150 	EXP 	Instr2_text: autoDraw = True
18.8576 	DATA 	Keypress: space
18.8638 	EXP 	Instr2_text: autoDraw = False
18.8638 	EXP 	ExQuestion: autoDraw = True
21.8472 	EXP 	ExWordL: autoDraw = True
21.8472 	EXP 	ExWordR: autoDraw = True
21.8630 	EXP 	ExQuestion: autoDraw = False
23.8469 	EXP 	ExHint: autoDraw = True
23.8624 	EXP 	ExWordL: autoDraw = False
23.8624 	EXP 	ExWordR: autoDraw = False
24.6198 	DATA 	Keypress: f
24.6471 	EXP 	ExQuestion: autoDraw = False
24.6471 	EXP 	ExWordL: autoDraw = False
24.6471 	EXP 	ExWordR: autoDraw = False
24.6471 	EXP 	ExHint: autoDraw = False
24.6471 	EXP 	Instr3_text: autoDraw = True
34.9344 	DATA 	Keypress: space
35.0013 	EXP 	Imported conditions_memory_loop.xlsx as conditions, 19 conditions, 5 params
35.0022 	EXP 	Created sequence: random, trialTypes=19, nReps=1, seed=None
35.0028 	EXP 	New trial (rep=0, index=0): {'question': 'Какое из слов написано большими буквами?', 'wordL': 'ВОДА', 'wordR': 'отец', 'wordcolorL': 'white', 'wordcolorR': 'white'}
35.0784 	EXP 	Instr3_text: autoDraw = False
35.0784 	EXP 	TestQuestion: text = 'Какое из слов написано большими буквами?'
35.0784 	EXP 	TestWordL: text = 'ВОДА'
35.0784 	EXP 	TestWordR: text = 'отец'
35.0784 	EXP 	TestQuestion: autoDraw = True
38.0627 	EXP 	TestWordL: autoDraw = True
38.0627 	EXP 	TestWordR: autoDraw = True
38.0823 	EXP 	TestQuestion: autoDraw = False
38.8551 	DATA 	Keypress: f
40.0602 	EXP 	TestHint: autoDraw = True
40.0781 	EXP 	TestWordL: autoDraw = False
40.0781 	EXP 	TestWordR: autoDraw = False
40.3825 	EXP 	New trial (rep=0, index=1): {'question': 'Какое слово начинается с буквы "И"?', 'wordL': 'тысяча', 'wordR': 'имя', 'wordcolorL': 'white', 'wordcolorR': 'white'}
40.4376 	DATA 	Keypress: f
40.4454 	EXP 	TestQuestion: autoDraw = False
40.4454 	EXP 	TestWordL: autoDraw = False
40.4454 	EXP 	TestWordR: autoDraw = False
40.4454 	EXP 	TestHint: autoDraw = False
40.4454 	EXP 	TestQuestion: text = 'Какое слово начинается с буквы "И"?'
40.4454 	EXP 	TestWordL: text = 'тысяча'
40.4454 	EXP 	TestWordR: text = 'имя'
40.4454 	EXP 	TestQuestion: autoDraw = True
43.4263 	EXP 	TestWordL: autoDraw = True
43.4263 	EXP 	TestWordR: autoDraw = True
43.4596 	EXP 	TestQuestion: autoDraw = False
45.4264 	EXP 	TestWordL: autoDraw = False
45.4264 	EXP 	TestWordR: autoDraw = False
45.4264 	EXP 	TestHint: autoDraw = True
45.7312 	EXP 	New trial (rep=0, index=2): {'question': 'Какое слово написано с заглавной буквы?', 'wordL': 'Студент', 'wordR': 'дядя', 'wordcolorL': 'white', 'wordcolorR': 'white'}
45.7734 	DATA 	Keypress: j
45.7801 	EXP 	TestQuestion: autoDraw = False
45.7801 	EXP 	TestWordL: autoDraw = False
45.7801 	EXP 	TestWordR: autoDraw = False
45.7801 	EXP 	TestHint: autoDraw = False
45.7801 	EXP 	TestQuestion: text = 'Какое слово написано с заглавной буквы?'
45.7801 	EXP 	TestWordL: text = 'Студент'
45.7801 	EXP 	TestWordR: text = 'дядя'
45.7801 	EXP 	TestQuestion: autoDraw = True
48.7771 	EXP 	TestWordL: autoDraw = True
48.7771 	EXP 	TestWordR: autoDraw = True
48.7924 	EXP 	TestQuestion: autoDraw = False
50.7589 	EXP 	TestHint: autoDraw = True
50.7960 	EXP 	TestWordL: autoDraw = False
50.7960 	EXP 	TestWordR: autoDraw = False
51.3847 	EXP 	New trial (rep=0, index=3): {'question': 'В каком слове 3 буквы “О”?', 'wordL': 'молоко', 'wordR': 'металл', 'wordcolorL': 'white', 'wordcolorR': 'white'}
51.4228 	DATA 	Keypress: f
51.4286 	EXP 	TestQuestion: autoDraw = False
51.4286 	EXP 	TestWordL: autoDraw = False
51.4286 	EXP 	TestWordR: autoDraw = False
51.4286 	EXP 	TestHint: autoDraw = False
51.4286 	EXP 	TestQuestion: text = 'В каком слове 3 буквы “О”?'
51.4286 	EXP 	TestWordL: text = 'молоко'
51.4286 	EXP 	TestWordR: text = 'металл'
51.4286 	EXP 	TestQuestion: autoDraw = True
54.4135 	EXP 	TestWordL: autoDraw = True
54.4135 	EXP 	TestWordR: autoDraw = True
54.4289 	EXP 	TestQuestion: autoDraw = False
55.0669 	DATA 	Keypress: f
56.4130 	EXP 	TestHint: autoDraw = True
56.4287 	EXP 	TestWordL: autoDraw = False
56.4287 	EXP 	TestWordR: autoDraw = False
56.7868 	DATA 	Keypress: f
56.8003 	EXP 	New trial (rep=0, index=4): {'question': 'Какое слово зеленого цвета?', 'wordL': 'вечер', 'wordR': 'качество', 'wordcolorL': 'white', 'wordcolorR': 'green'}
56.8431 	EXP 	TestQuestion: autoDraw = False
56.8431 	EXP 	TestWordL: autoDraw = False
56.8431 	EXP 	TestWordR: autoDraw = False
56.8431 	EXP 	TestHint: autoDraw = False
56.8431 	EXP 	TestQuestion: text = 'Какое слово зеленого цвета?'
56.8431 	EXP 	TestWordL: text = 'вечер'
56.8431 	EXP 	TestWordR: text = 'качество'
56.8431 	EXP 	TestQuestion: autoDraw = True
59.8245 	EXP 	TestWordL: autoDraw = True
59.8245 	EXP 	TestWordR: autoDraw = True
59.8574 	EXP 	TestQuestion: autoDraw = False
61.8241 	EXP 	TestWordL: autoDraw = False
61.8241 	EXP 	TestWordR: autoDraw = False
61.8241 	EXP 	TestHint: autoDraw = True
62.1165 	DATA 	Keypress: j
62.1284 	EXP 	New trial (rep=0, index=5): {'question': 'Какое слово относится к категории члены семьи?', 'wordL': 'звезда', 'wordR': 'сестра', 'wordcolorL': 'white', 'wordcolorR': 'white'}
62.1750 	EXP 	TestQuestion: autoDraw = False
62.1750 	EXP 	TestWordL: autoDraw = False
62.1750 	EXP 	TestWordR: autoDraw = False
62.1750 	EXP 	TestHint: autoDraw = False
62.1750 	EXP 	TestQuestion: text = 'Какое слово относится к категории члены семьи?'
62.1750 	EXP 	TestWordL: text = 'звезда'
62.1750 	EXP 	TestWordR: text = 'сестра'
62.1750 	EXP 	TestQuestion: autoDraw = True
65.1578 	EXP 	TestWordL: autoDraw = True
65.1578 	EXP 	TestWordR: autoDraw = True
65.1746 	EXP 	TestQuestion: autoDraw = False
67.1567 	EXP 	TestWordL: autoDraw = False
67.1567 	EXP 	TestWordR: autoDraw = False
67.1567 	EXP 	TestHint: autoDraw = True
68.1308 	DATA 	Keypress: j
68.1453 	EXP 	New trial (rep=0, index=6): {'question': 'Какое слово синего цвета?', 'wordL': 'порядок', 'wordR': 'момент', 'wordcolorL': 'white', 'wordcolorR': 'blue'}
68.1896 	EXP 	TestQuestion: autoDraw = False
68.1896 	EXP 	TestWordL: autoDraw = False
68.1896 	EXP 	TestWordR: autoDraw = False
68.1896 	EXP 	TestHint: autoDraw = False
68.1896 	EXP 	TestQuestion: text = 'Какое слово синего цвета?'
68.1896 	EXP 	TestWordL: text = 'порядок'
68.1896 	EXP 	TestWordR: text = 'момент'
68.1896 	EXP 	TestQuestion: autoDraw = True
71.1738 	EXP 	TestWordL: autoDraw = True
71.1738 	EXP 	TestWordR: autoDraw = True
71.1894 	EXP 	TestQuestion: autoDraw = False
73.1733 	EXP 	TestHint: autoDraw = True
73.1890 	EXP 	TestWordL: autoDraw = False
73.1890 	EXP 	TestWordR: autoDraw = False
73.7787 	EXP 	New trial (rep=0, index=7): {'question': 'Какое из слов относится к географии?', 'wordL': 'страна', 'wordR': 'случай', 'wordcolorL': 'white', 'wordcolorR': 'white'}
73.8187 	DATA 	Keypress: j
73.8246 	EXP 	TestQuestion: autoDraw = False
73.8246 	EXP 	TestWordL: autoDraw = False
73.8246 	EXP 	TestWordR: autoDraw = False
73.8246 	EXP 	TestHint: autoDraw = False
73.8246 	EXP 	TestQuestion: text = 'Какое из слов относится к географии?'
73.8246 	EXP 	TestWordL: text = 'страна'
73.8246 	EXP 	TestWordR: text = 'случай'
73.8246 	EXP 	TestQuestion: autoDraw = True
76.8105 	EXP 	TestWordL: autoDraw = True
76.8105 	EXP 	TestWordR: autoDraw = True
76.8259 	EXP 	TestQuestion: autoDraw = False
78.8099 	EXP 	TestHint: autoDraw = True
78.8258 	EXP 	TestWordL: autoDraw = False
78.8258 	EXP 	TestWordR: autoDraw = False
79.1167 	DATA 	Keypress: f
79.1300 	EXP 	New trial (rep=0, index=8): {'question': 'Какое слово написано красным цветом?', 'wordL': 'статья', 'wordR': 'область', 'wordcolorL': 'white', 'wordcolorR': 'red'}
79.1733 	EXP 	TestQuestion: autoDraw = False
79.1733 	EXP 	TestWordL: autoDraw = False
79.1733 	EXP 	TestWordR: autoDraw = False
79.1733 	EXP 	TestHint: autoDraw = False
79.1733 	EXP 	TestQuestion: text = 'Какое слово написано красным цветом?'
79.1733 	EXP 	TestWordL: text = 'статья'
79.1733 	EXP 	TestWordR: text = 'область'
79.1733 	EXP 	TestQuestion: autoDraw = True
82.1551 	EXP 	TestWordL: autoDraw = True
82.1551 	EXP 	TestWordR: autoDraw = True
82.1878 	EXP 	TestQuestion: autoDraw = False
84.1543 	EXP 	TestWordL: autoDraw = False
84.1543 	EXP 	TestWordR: autoDraw = False
84.1543 	EXP 	TestHint: autoDraw = True
84.4600 	DATA 	Keypress: j
84.4767 	EXP 	New trial (rep=0, index=9): {'question': 'Что относится ко времени?', 'wordL': 'уровень', 'wordR': 'минута', 'wordcolorL': 'white', 'wordcolorR': 'white'}
84.5211 	EXP 	TestQuestion: autoDraw = False
84.5211 	EXP 	TestWordL: autoDraw = False
84.5211 	EXP 	TestWordR: autoDraw = False
84.5211 	EXP 	TestHint: autoDraw = False
84.5211 	EXP 	TestQuestion: text = 'Что относится ко времени?'
84.5211 	EXP 	TestWordL: text = 'уровень'
84.5211 	EXP 	TestWordR: text = 'минута'
84.5211 	EXP 	TestQuestion: autoDraw = True
87.5050 	EXP 	TestWordL: autoDraw = True
87.5050 	EXP 	TestWordR: autoDraw = True
87.5203 	EXP 	TestQuestion: autoDraw = False
89.5045 	EXP 	TestHint: autoDraw = True
89.5201 	EXP 	TestWordL: autoDraw = False
89.5201 	EXP 	TestWordR: autoDraw = False
91.1752 	EXP 	New trial (rep=0, index=10): {'question': 'Какое слово относится к категории фрукты?', 'wordL': 'яблоко ', 'wordR': 'лестница', 'wordcolorL': 'white', 'wordcolorR': 'white'}
91.2078 	DATA 	Keypress: j
91.2200 	EXP 	TestQuestion: autoDraw = False
91.2200 	EXP 	TestWordL: autoDraw = False
91.2200 	EXP 	TestWordR: autoDraw = False
91.2200 	EXP 	TestHint: autoDraw = False
91.2200 	EXP 	TestQuestion: text = 'Какое слово относится к категории фрукты?'
91.2200 	EXP 	TestWordL: text = 'яблоко '
91.2200 	EXP 	TestWordR: text = 'лестница'
91.2200 	EXP 	TestQuestion: autoDraw = True
94.2049 	EXP 	TestWordL: autoDraw = True
94.2049 	EXP 	TestWordR: autoDraw = True
94.2198 	EXP 	TestQuestion: autoDraw = False
96.2040 	EXP 	TestHint: autoDraw = True
96.2193 	EXP 	TestWordL: autoDraw = False
96.2193 	EXP 	TestWordR: autoDraw = False
96.7752 	EXP 	New trial (rep=0, index=11): {'question': 'Какое слово относится к категории предметы мебели?', 'wordL': 'диван', 'wordR': 'печать', 'wordcolorL': 'white', 'wordcolorR': 'white'}
96.8147 	DATA 	Keypress: f
96.8209 	EXP 	TestQuestion: autoDraw = False
96.8209 	EXP 	TestWordL: autoDraw = False
96.8209 	EXP 	TestWordR: autoDraw = False
96.8209 	EXP 	TestHint: autoDraw = False
96.8209 	EXP 	TestQuestion: text = 'Какое слово относится к категории предметы мебели?'
96.8209 	EXP 	TestWordL: text = 'диван'
96.8209 	EXP 	TestWordR: text = 'печать'
96.8209 	EXP 	TestQuestion: autoDraw = True
99.8037 	EXP 	TestWordL: autoDraw = True
99.8037 	EXP 	TestWordR: autoDraw = True
99.8187 	EXP 	TestQuestion: autoDraw = False
101.8029 	EXP 	TestHint: autoDraw = True
101.8186 	EXP 	TestWordL: autoDraw = False
101.8186 	EXP 	TestWordR: autoDraw = False
102.2098 	DATA 	Keypress: f
102.2235 	EXP 	New trial (rep=0, index=12): {'question': 'Какое слово желтого цвета?', 'wordL': 'масштаб', 'wordR': 'версия', 'wordcolorL': 'white', 'wordcolorR': 'yellow'}
102.2694 	EXP 	TestQuestion: autoDraw = False
102.2694 	EXP 	TestWordL: autoDraw = False
102.2694 	EXP 	TestWordR: autoDraw = False
102.2694 	EXP 	TestHint: autoDraw = False
102.2694 	EXP 	TestQuestion: text = 'Какое слово желтого цвета?'
102.2694 	EXP 	TestWordL: text = 'масштаб'
102.2694 	EXP 	TestWordR: text = 'версия'
102.2694 	EXP 	TestQuestion: autoDraw = True
105.2515 	EXP 	TestWordL: autoDraw = True
105.2515 	EXP 	TestWordR: autoDraw = True
105.2845 	EXP 	TestQuestion: autoDraw = False
107.2509 	EXP 	TestWordL: autoDraw = False
107.2509 	EXP 	TestWordR: autoDraw = False
107.2509 	EXP 	TestHint: autoDraw = True
107.6222 	EXP 	New trial (rep=0, index=13): {'question': 'Чем рисуют картины?', 'wordL': 'транспорт', 'wordR': 'краска', 'wordcolorL': 'white', 'wordcolorR': 'white'}
107.6552 	DATA 	Keypress: j
107.6684 	EXP 	TestQuestion: autoDraw = False
107.6684 	EXP 	TestWordL: autoDraw = False
107.6684 	EXP 	TestWordR: autoDraw = False
107.6684 	EXP 	TestHint: autoDraw = False
107.6684 	EXP 	TestQuestion: text = 'Чем рисуют картины?'
107.6684 	EXP 	TestWordL: text = 'транспорт'
107.6684 	EXP 	TestWordR: text = 'краска'
107.6684 	EXP 	TestQuestion: autoDraw = True
110.6521 	EXP 	TestWordL: autoDraw = True
110.6521 	EXP 	TestWordR: autoDraw = True
110.6722 	EXP 	TestQuestion: autoDraw = False
112.6541 	EXP 	TestWordL: autoDraw = False
112.6541 	EXP 	TestWordR: autoDraw = False
112.6541 	EXP 	TestHint: autoDraw = True
112.9758 	EXP 	New trial (rep=0, index=14): {'question': 'Какое слово относится к временам года?', 'wordL': 'зима', 'wordR': 'режим', 'wordcolorL': 'white', 'wordcolorR': 'white'}
113.0112 	DATA 	Keypress: j
113.0172 	EXP 	TestQuestion: autoDraw = False
113.0172 	EXP 	TestWordL: autoDraw = False
113.0172 	EXP 	TestWordR: autoDraw = False
113.0172 	EXP 	TestHint: autoDraw = False
113.0172 	EXP 	TestQuestion: text = 'Какое слово относится к временам года?'
113.0172 	EXP 	TestWordL: text = 'зима'
113.0172 	EXP 	TestWordR: text = 'режим'
113.0172 	EXP 	TestQuestion: autoDraw = True
116.0166 	EXP 	TestQuestion: autoDraw = False
116.0166 	EXP 	TestWordL: autoDraw = True
116.0166 	EXP 	TestWordR: autoDraw = True
118.0161 	EXP 	TestWordL: autoDraw = False
118.0161 	EXP 	TestWordR: autoDraw = False
118.0161 	EXP 	TestHint: autoDraw = True
118.3049 	EXP 	New trial (rep=0, index=15): {'question': 'Какое слово относится к категории учебные предметы в школе?', 'wordL': 'право', 'wordR': 'образ', 'wordcolorL': 'white', 'wordcolorR': 'white'}
118.3394 	DATA 	Keypress: f
118.3493 	EXP 	TestQuestion: autoDraw = False
118.3493 	EXP 	TestWordL: autoDraw = False
118.3493 	EXP 	TestWordR: autoDraw = False
118.3493 	EXP 	TestHint: autoDraw = False
118.3493 	EXP 	TestQuestion: text = 'Какое слово относится к категории учебные предметы в школе?'
118.3493 	EXP 	TestWordL: text = 'право'
118.3493 	EXP 	TestWordR: text = 'образ'
118.3493 	EXP 	TestQuestion: autoDraw = True
121.3342 	EXP 	TestWordL: autoDraw = True
121.3342 	EXP 	TestWordR: autoDraw = True
121.3491 	EXP 	TestQuestion: autoDraw = False
123.3331 	EXP 	TestHint: autoDraw = True
123.3486 	EXP 	TestWordL: autoDraw = False
123.3486 	EXP 	TestWordR: autoDraw = False
123.6577 	DATA 	Keypress: f
123.6707 	EXP 	New trial (rep=0, index=16): {'question': 'Какое слово относится к категории музыка?', 'wordL': 'море', 'wordR': 'песня', 'wordcolorL': 'white', 'wordcolorR': 'white'}
123.7154 	EXP 	TestQuestion: autoDraw = False
123.7154 	EXP 	TestWordL: autoDraw = False
123.7154 	EXP 	TestWordR: autoDraw = False
123.7154 	EXP 	TestHint: autoDraw = False
123.7154 	EXP 	TestQuestion: text = 'Какое слово относится к категории музыка?'
123.7154 	EXP 	TestWordL: text = 'море'
123.7154 	EXP 	TestWordR: text = 'песня'
123.7154 	EXP 	TestQuestion: autoDraw = True
126.6993 	EXP 	TestWordL: autoDraw = True
126.6993 	EXP 	TestWordR: autoDraw = True
126.7149 	EXP 	TestQuestion: autoDraw = False
128.6990 	EXP 	TestHint: autoDraw = True
128.7144 	EXP 	TestWordL: autoDraw = False
128.7144 	EXP 	TestWordR: autoDraw = False
129.1374 	EXP 	New trial (rep=0, index=17): {'question': 'Какое слово написано с заглавной буквы?', 'wordL': 'Лошадь', 'wordR': 'рассказ', 'wordcolorL': 'white', 'wordcolorR': 'white'}
129.1732 	DATA 	Keypress: j
129.1812 	EXP 	TestQuestion: autoDraw = False
129.1812 	EXP 	TestWordL: autoDraw = False
129.1812 	EXP 	TestWordR: autoDraw = False
129.1812 	EXP 	TestHint: autoDraw = False
129.1812 	EXP 	TestQuestion: text = 'Какое слово написано с заглавной буквы?'
129.1812 	EXP 	TestWordL: text = 'Лошадь'
129.1812 	EXP 	TestWordR: text = 'рассказ'
129.1812 	EXP 	TestQuestion: autoDraw = True
132.1655 	EXP 	TestWordL: autoDraw = True
132.1655 	EXP 	TestWordR: autoDraw = True
132.1808 	EXP 	TestQuestion: autoDraw = False
134.1653 	EXP 	TestHint: autoDraw = True
134.1803 	EXP 	TestWordL: autoDraw = False
134.1803 	EXP 	TestWordR: autoDraw = False
134.5048 	DATA 	Keypress: f
134.5183 	EXP 	New trial (rep=0, index=18): {'question': 'Какое слово написано мелким шрифтом?', 'wordL': 'месяц', 'wordR': 'ЯЗЫК', 'wordcolorL': 'white', 'wordcolorR': 'white'}
134.5651 	EXP 	TestQuestion: autoDraw = False
134.5651 	EXP 	TestWordL: autoDraw = False
134.5651 	EXP 	TestWordR: autoDraw = False
134.5651 	EXP 	TestHint: autoDraw = False
134.5651 	EXP 	TestQuestion: text = 'Какое слово написано мелким шрифтом?'
134.5651 	EXP 	TestWordL: text = 'месяц'
134.5651 	EXP 	TestWordR: text = 'ЯЗЫК'
134.5651 	EXP 	TestQuestion: autoDraw = True
137.5481 	EXP 	TestWordL: autoDraw = True
137.5481 	EXP 	TestWordR: autoDraw = True
137.5646 	EXP 	TestQuestion: autoDraw = False
139.5464 	EXP 	TestWordL: autoDraw = False
139.5464 	EXP 	TestWordR: autoDraw = False
139.5464 	EXP 	TestHint: autoDraw = True
139.9749 	DATA 	Keypress: f
139.9811 	EXP 	TestQuestion: autoDraw = False
139.9811 	EXP 	TestWordL: autoDraw = False
139.9811 	EXP 	TestWordR: autoDraw = False
139.9811 	EXP 	TestHint: autoDraw = False
139.9811 	EXP 	Instr4_text: autoDraw = True
146.7383 	DATA 	Keypress: space
146.7922 	EXP 	Imported conditions_memory_recogn.xlsx as conditions, 80 conditions, 3 params
146.7936 	EXP 	Created sequence: random, trialTypes=80, nReps=1, seed=None
146.7941 	EXP 	New trial (rep=0, index=0): {'stimuluswords': 'школа', 'lvl': 'filler', 'corrAns': 'f'}
146.8299 	EXP 	Instr4_text: autoDraw = False
146.8299 	EXP 	Recogn_word: text = 'школа'
146.8299 	EXP 	Recogn_word: autoDraw = True
146.8299 	EXP 	Recogn_hint: autoDraw = True
148.2216 	DATA 	Keypress: j
148.2349 	EXP 	New trial (rep=0, index=1): {'stimuluswords': 'молоко', 'lvl': 'sens', 'corrAns': 'j'}
148.2631 	EXP 	Recogn_word: autoDraw = False
148.2631 	EXP 	Recogn_hint: autoDraw = False
148.2631 	EXP 	Recogn_word: text = 'молоко'
148.2631 	EXP 	Recogn_word: autoDraw = True
148.2631 	EXP 	Recogn_hint: autoDraw = True
149.7007 	EXP 	New trial (rep=0, index=2): {'stimuluswords': 'сделка', 'lvl': 'filler', 'corrAns': 'f'}
149.7139 	DATA 	Keypress: j
149.7295 	EXP 	Recogn_word: autoDraw = False
149.7295 	EXP 	Recogn_hint: autoDraw = False
149.7295 	EXP 	Recogn_word: text = 'сделка'
149.7295 	EXP 	Recogn_word: autoDraw = True
149.7295 	EXP 	Recogn_hint: autoDraw = True
151.2499 	EXP 	New trial (rep=0, index=3): {'stimuluswords': 'версия', 'lvl': 'sens', 'corrAns': 'j'}
151.2631 	DATA 	Keypress: f
151.2783 	EXP 	Recogn_word: autoDraw = False
151.2783 	EXP 	Recogn_hint: autoDraw = False
151.2783 	EXP 	Recogn_word: text = 'версия'
151.2783 	EXP 	Recogn_word: autoDraw = True
151.2783 	EXP 	Recogn_hint: autoDraw = True
152.6041 	EXP 	New trial (rep=0, index=4): {'stimuluswords': 'контакт', 'lvl': 'filler', 'corrAns': 'f'}
152.6157 	DATA 	Keypress: j
152.6290 	EXP 	Recogn_word: autoDraw = False
152.6290 	EXP 	Recogn_hint: autoDraw = False
152.6290 	EXP 	Recogn_word: text = 'контакт'
152.6290 	EXP 	Recogn_word: autoDraw = True
152.6290 	EXP 	Recogn_hint: autoDraw = True
153.3711 	DATA 	Keypress: f
153.3823 	EXP 	New trial (rep=0, index=5): {'stimuluswords': 'вода', 'lvl': 'sens', 'corrAns': 'j'}
153.3964 	EXP 	Recogn_word: autoDraw = False
153.3964 	EXP 	Recogn_hint: autoDraw = False
153.3964 	EXP 	Recogn_word: text = 'вода'
153.3964 	EXP 	Recogn_word: autoDraw = True
153.3964 	EXP 	Recogn_hint: autoDraw = True
153.9711 	DATA 	Keypress: j
153.9826 	EXP 	New trial (rep=0, index=6): {'stimuluswords': 'режим', 'lvl': 'semant', 'corrAns': 'j'}
154.0111 	EXP 	Recogn_word: autoDraw = False
154.0111 	EXP 	Recogn_hint: autoDraw = False
154.0111 	EXP 	Recogn_word: text = 'режим'
154.0111 	EXP 	Recogn_word: autoDraw = True
154.0111 	EXP 	Recogn_hint: autoDraw = True
154.9033 	DATA 	Keypress: j
154.9153 	EXP 	New trial (rep=0, index=7): {'stimuluswords': 'вечер', 'lvl': 'sens', 'corrAns': 'j'}
154.9443 	EXP 	Recogn_word: autoDraw = False
154.9443 	EXP 	Recogn_hint: autoDraw = False
154.9443 	EXP 	Recogn_word: text = 'вечер'
154.9443 	EXP 	Recogn_word: autoDraw = True
154.9443 	EXP 	Recogn_hint: autoDraw = True
155.9711 	DATA 	Keypress: j
155.9825 	EXP 	New trial (rep=0, index=8): {'stimuluswords': 'песня', 'lvl': 'semant', 'corrAns': 'j'}
156.0108 	EXP 	Recogn_word: autoDraw = False
156.0108 	EXP 	Recogn_hint: autoDraw = False
156.0108 	EXP 	Recogn_word: text = 'песня'
156.0108 	EXP 	Recogn_word: autoDraw = True
156.0108 	EXP 	Recogn_hint: autoDraw = True
156.5846 	DATA 	Keypress: j
156.6002 	EXP 	New trial (rep=0, index=9): {'stimuluswords': 'ребенок', 'lvl': 'filler', 'corrAns': 'f'}
156.6283 	EXP 	Recogn_word: autoDraw = False
156.6283 	EXP 	Recogn_hint: autoDraw = False
156.6283 	EXP 	Recogn_word: text = 'ребенок'
156.6283 	EXP 	Recogn_word: autoDraw = True
156.6283 	EXP 	Recogn_hint: autoDraw = True
157.5031 	DATA 	Keypress: f
157.5159 	EXP 	New trial (rep=0, index=10): {'stimuluswords': 'лошадь', 'lvl': 'sens', 'corrAns': 'j'}
157.5440 	EXP 	Recogn_word: autoDraw = False
157.5440 	EXP 	Recogn_hint: autoDraw = False
157.5440 	EXP 	Recogn_word: text = 'лошадь'
157.5440 	EXP 	Recogn_word: autoDraw = True
157.5440 	EXP 	Recogn_hint: autoDraw = True
158.1850 	DATA 	Keypress: j
158.1992 	EXP 	New trial (rep=0, index=11): {'stimuluswords': 'порядок', 'lvl': 'sens', 'corrAns': 'j'}
158.2135 	EXP 	Recogn_word: autoDraw = False
158.2135 	EXP 	Recogn_hint: autoDraw = False
158.2135 	EXP 	Recogn_word: text = 'порядок'
158.2135 	EXP 	Recogn_word: autoDraw = True
158.2135 	EXP 	Recogn_hint: autoDraw = True
159.0155 	EXP 	New trial (rep=0, index=12): {'stimuluswords': 'голова', 'lvl': 'filler', 'corrAns': 'f'}
159.0285 	DATA 	Keypress: f
159.0439 	EXP 	Recogn_word: autoDraw = False
159.0439 	EXP 	Recogn_hint: autoDraw = False
159.0439 	EXP 	Recogn_word: text = 'голова'
159.0439 	EXP 	Recogn_word: autoDraw = True
159.0439 	EXP 	Recogn_hint: autoDraw = True
160.0157 	EXP 	New trial (rep=0, index=13): {'stimuluswords': 'дядя', 'lvl': 'sens', 'corrAns': 'j'}
160.0283 	DATA 	Keypress: f
160.0438 	EXP 	Recogn_word: autoDraw = False
160.0438 	EXP 	Recogn_hint: autoDraw = False
160.0438 	EXP 	Recogn_word: text = 'дядя'
160.0438 	EXP 	Recogn_word: autoDraw = True
160.0438 	EXP 	Recogn_hint: autoDraw = True
161.9485 	EXP 	New trial (rep=0, index=14): {'stimuluswords': 'книга', 'lvl': 'filler', 'corrAns': 'f'}
161.9602 	DATA 	Keypress: f
161.9768 	EXP 	Recogn_word: autoDraw = False
161.9768 	EXP 	Recogn_hint: autoDraw = False
161.9768 	EXP 	Recogn_word: text = 'книга'
161.9768 	EXP 	Recogn_word: autoDraw = True
161.9768 	EXP 	Recogn_hint: autoDraw = True
162.8482 	EXP 	New trial (rep=0, index=15): {'stimuluswords': 'дача', 'lvl': 'filler', 'corrAns': 'f'}
162.8569 	DATA 	Keypress: f
162.8632 	EXP 	Recogn_word: autoDraw = False
162.8632 	EXP 	Recogn_hint: autoDraw = False
162.8632 	EXP 	Recogn_word: text = 'дача'
162.8632 	EXP 	Recogn_word: autoDraw = True
162.8632 	EXP 	Recogn_hint: autoDraw = True
163.4811 	EXP 	New trial (rep=0, index=16): {'stimuluswords': 'город', 'lvl': 'filler', 'corrAns': 'f'}
163.4924 	DATA 	Keypress: f
163.5098 	EXP 	Recogn_word: autoDraw = False
163.5098 	EXP 	Recogn_hint: autoDraw = False
163.5098 	EXP 	Recogn_word: text = 'город'
163.5098 	EXP 	Recogn_word: autoDraw = True
163.5098 	EXP 	Recogn_hint: autoDraw = True
164.1501 	DATA 	Keypress: f
164.1650 	EXP 	New trial (rep=0, index=17): {'stimuluswords': 'яблоко', 'lvl': 'semant', 'corrAns': 'j'}
164.1796 	EXP 	Recogn_word: autoDraw = False
164.1796 	EXP 	Recogn_hint: autoDraw = False
164.1796 	EXP 	Recogn_word: text = 'яблоко'
164.1796 	EXP 	Recogn_word: autoDraw = True
164.1796 	EXP 	Recogn_hint: autoDraw = True
164.8664 	EXP 	New trial (rep=0, index=18): {'stimuluswords': 'уровень', 'lvl': 'semant', 'corrAns': 'j'}
164.8820 	DATA 	Keypress: j
164.8940 	EXP 	Recogn_word: autoDraw = False
164.8940 	EXP 	Recogn_hint: autoDraw = False
164.8940 	EXP 	Recogn_word: text = 'уровень'
164.8940 	EXP 	Recogn_word: autoDraw = True
164.8940 	EXP 	Recogn_hint: autoDraw = True
165.7372 	DATA 	Keypress: j
165.7484 	EXP 	New trial (rep=0, index=19): {'stimuluswords': 'отец', 'lvl': 'sens', 'corrAns': 'j'}
165.7764 	EXP 	Recogn_word: autoDraw = False
165.7764 	EXP 	Recogn_hint: autoDraw = False
165.7764 	EXP 	Recogn_word: text = 'отец'
165.7764 	EXP 	Recogn_word: autoDraw = True
165.7764 	EXP 	Recogn_hint: autoDraw = True
166.7988 	EXP 	New trial (rep=0, index=20): {'stimuluswords': 'деньги', 'lvl': 'semant', 'corrAns': 'j'}
166.8114 	DATA 	Keypress: j
166.8273 	EXP 	Recogn_word: autoDraw = False
166.8273 	EXP 	Recogn_hint: autoDraw = False
166.8273 	EXP 	Recogn_word: text = 'деньги'
166.8273 	EXP 	Recogn_word: autoDraw = True
166.8273 	EXP 	Recogn_hint: autoDraw = True
167.9515 	DATA 	Keypress: f
167.9650 	EXP 	New trial (rep=0, index=21): {'stimuluswords': 'мама', 'lvl': 'filler', 'corrAns': 'f'}
167.9795 	EXP 	Recogn_word: autoDraw = False
167.9795 	EXP 	Recogn_hint: autoDraw = False
167.9795 	EXP 	Recogn_word: text = 'мама'
167.9795 	EXP 	Recogn_word: autoDraw = True
167.9795 	EXP 	Recogn_hint: autoDraw = True
168.5357 	EXP 	New trial (rep=0, index=22): {'stimuluswords': 'поиск', 'lvl': 'filler', 'corrAns': 'f'}
168.5460 	DATA 	Keypress: j
168.5600 	EXP 	Recogn_word: autoDraw = False
168.5600 	EXP 	Recogn_hint: autoDraw = False
168.5600 	EXP 	Recogn_word: text = 'поиск'
168.5600 	EXP 	Recogn_word: autoDraw = True
168.5600 	EXP 	Recogn_hint: autoDraw = True
171.3138 	EXP 	New trial (rep=0, index=23): {'stimuluswords': 'краска', 'lvl': 'semant', 'corrAns': 'j'}
171.3246 	DATA 	Keypress: f
171.3423 	EXP 	Recogn_word: autoDraw = False
171.3423 	EXP 	Recogn_hint: autoDraw = False
171.3423 	EXP 	Recogn_word: text = 'краска'
171.3423 	EXP 	Recogn_word: autoDraw = True
171.3423 	EXP 	Recogn_hint: autoDraw = True
171.9315 	EXP 	New trial (rep=0, index=24): {'stimuluswords': 'право', 'lvl': 'semant', 'corrAns': 'j'}
171.9439 	DATA 	Keypress: j
171.9599 	EXP 	Recogn_word: autoDraw = False
171.9599 	EXP 	Recogn_hint: autoDraw = False
171.9599 	EXP 	Recogn_word: text = 'право'
171.9599 	EXP 	Recogn_word: autoDraw = True
171.9599 	EXP 	Recogn_hint: autoDraw = True
172.7314 	EXP 	New trial (rep=0, index=25): {'stimuluswords': 'сюжет', 'lvl': 'filler', 'corrAns': 'f'}
172.7448 	DATA 	Keypress: j
172.7597 	EXP 	Recogn_word: autoDraw = False
172.7597 	EXP 	Recogn_hint: autoDraw = False
172.7597 	EXP 	Recogn_word: text = 'сюжет'
172.7597 	EXP 	Recogn_word: autoDraw = True
172.7597 	EXP 	Recogn_hint: autoDraw = True
174.3980 	EXP 	New trial (rep=0, index=26): {'stimuluswords': 'народ', 'lvl': 'filler', 'corrAns': 'f'}
174.4114 	DATA 	Keypress: j
174.4260 	EXP 	Recogn_word: autoDraw = False
174.4260 	EXP 	Recogn_hint: autoDraw = False
174.4260 	EXP 	Recogn_word: text = 'народ'
174.4260 	EXP 	Recogn_word: autoDraw = True
174.4260 	EXP 	Recogn_hint: autoDraw = True
177.8977 	EXP 	New trial (rep=0, index=27): {'stimuluswords': 'область', 'lvl': 'sens', 'corrAns': 'j'}
177.9098 	DATA 	Keypress: f
177.9255 	EXP 	Recogn_word: autoDraw = False
177.9255 	EXP 	Recogn_hint: autoDraw = False
177.9255 	EXP 	Recogn_word: text = 'область'
177.9255 	EXP 	Recogn_word: autoDraw = True
177.9255 	EXP 	Recogn_hint: autoDraw = True
179.5303 	EXP 	New trial (rep=0, index=28): {'stimuluswords': 'машина', 'lvl': 'semant', 'corrAns': 'j'}
179.5434 	DATA 	Keypress: j
179.5587 	EXP 	Recogn_word: autoDraw = False
179.5587 	EXP 	Recogn_hint: autoDraw = False
179.5587 	EXP 	Recogn_word: text = 'машина'
179.5587 	EXP 	Recogn_word: autoDraw = True
179.5587 	EXP 	Recogn_hint: autoDraw = True
180.3969 	EXP 	New trial (rep=0, index=29): {'stimuluswords': 'карман', 'lvl': 'filler', 'corrAns': 'f'}
180.4084 	DATA 	Keypress: j
180.4251 	EXP 	Recogn_word: autoDraw = False
180.4251 	EXP 	Recogn_hint: autoDraw = False
180.4251 	EXP 	Recogn_word: text = 'карман'
180.4251 	EXP 	Recogn_word: autoDraw = True
180.4251 	EXP 	Recogn_hint: autoDraw = True
181.2786 	EXP 	New trial (rep=0, index=30): {'stimuluswords': 'число', 'lvl': 'filler', 'corrAns': 'f'}
181.2887 	DATA 	Keypress: f
181.3072 	EXP 	Recogn_word: autoDraw = False
181.3072 	EXP 	Recogn_hint: autoDraw = False
181.3072 	EXP 	Recogn_word: text = 'число'
181.3072 	EXP 	Recogn_word: autoDraw = True
181.3072 	EXP 	Recogn_hint: autoDraw = True
182.2963 	EXP 	New trial (rep=0, index=31): {'stimuluswords': 'студент', 'lvl': 'sens', 'corrAns': 'j'}
182.3047 	DATA 	Keypress: j
182.3102 	EXP 	Recogn_word: autoDraw = False
182.3102 	EXP 	Recogn_hint: autoDraw = False
182.3102 	EXP 	Recogn_word: text = 'студент'
182.3102 	EXP 	Recogn_word: autoDraw = True
182.3102 	EXP 	Recogn_hint: autoDraw = True
182.9499 	DATA 	Keypress: j
182.9633 	EXP 	New trial (rep=0, index=32): {'stimuluswords': 'лестница', 'lvl': 'semant', 'corrAns': 'j'}
182.9915 	EXP 	Recogn_word: autoDraw = False
182.9915 	EXP 	Recogn_hint: autoDraw = False
182.9915 	EXP 	Recogn_word: text = 'лестница'
182.9915 	EXP 	Recogn_word: autoDraw = True
182.9915 	EXP 	Recogn_hint: autoDraw = True
183.6995 	DATA 	Keypress: f
183.7114 	EXP 	New trial (rep=0, index=33): {'stimuluswords': 'голос', 'lvl': 'filler', 'corrAns': 'f'}
183.7265 	EXP 	Recogn_word: autoDraw = False
183.7265 	EXP 	Recogn_hint: autoDraw = False
183.7265 	EXP 	Recogn_word: text = 'голос'
183.7265 	EXP 	Recogn_word: autoDraw = True
183.7265 	EXP 	Recogn_hint: autoDraw = True
184.4120 	EXP 	New trial (rep=0, index=34): {'stimuluswords': 'образ', 'lvl': 'semant', 'corrAns': 'j'}
184.4267 	DATA 	Keypress: j
184.4404 	EXP 	Recogn_word: autoDraw = False
184.4404 	EXP 	Recogn_hint: autoDraw = False
184.4404 	EXP 	Recogn_word: text = 'образ'
184.4404 	EXP 	Recogn_word: autoDraw = True
184.4404 	EXP 	Recogn_hint: autoDraw = True
185.1776 	EXP 	New trial (rep=0, index=35): {'stimuluswords': 'сестра', 'lvl': 'semant', 'corrAns': 'j'}
185.1851 	DATA 	Keypress: j
185.1914 	EXP 	Recogn_word: autoDraw = False
185.1914 	EXP 	Recogn_hint: autoDraw = False
185.1914 	EXP 	Recogn_word: text = 'сестра'
185.1914 	EXP 	Recogn_word: autoDraw = True
185.1914 	EXP 	Recogn_hint: autoDraw = True
185.7817 	EXP 	New trial (rep=0, index=36): {'stimuluswords': 'нога', 'lvl': 'filler', 'corrAns': 'f'}
185.7929 	DATA 	Keypress: j
185.8065 	EXP 	Recogn_word: autoDraw = False
185.8065 	EXP 	Recogn_hint: autoDraw = False
185.8065 	EXP 	Recogn_word: text = 'нога'
185.8065 	EXP 	Recogn_word: autoDraw = True
185.8065 	EXP 	Recogn_hint: autoDraw = True
186.4492 	DATA 	Keypress: f
186.4635 	EXP 	New trial (rep=0, index=37): {'stimuluswords': 'закон', 'lvl': 'filler', 'corrAns': 'f'}
186.4913 	EXP 	Recogn_word: autoDraw = False
186.4913 	EXP 	Recogn_hint: autoDraw = False
186.4913 	EXP 	Recogn_word: text = 'закон'
186.4913 	EXP 	Recogn_word: autoDraw = True
186.4913 	EXP 	Recogn_hint: autoDraw = True
187.2656 	DATA 	Keypress: f
187.2771 	EXP 	New trial (rep=0, index=38): {'stimuluswords': 'стихи', 'lvl': 'filler', 'corrAns': 'f'}
187.2929 	EXP 	Recogn_word: autoDraw = False
187.2929 	EXP 	Recogn_hint: autoDraw = False
187.2929 	EXP 	Recogn_word: text = 'стихи'
187.2929 	EXP 	Recogn_word: autoDraw = True
187.2929 	EXP 	Recogn_hint: autoDraw = True
187.9301 	EXP 	New trial (rep=0, index=39): {'stimuluswords': 'форма', 'lvl': 'filler', 'corrAns': 'f'}
187.9448 	DATA 	Keypress: f
187.9577 	EXP 	Recogn_word: autoDraw = False
187.9577 	EXP 	Recogn_hint: autoDraw = False
187.9577 	EXP 	Recogn_word: text = 'форма'
187.9577 	EXP 	Recogn_word: autoDraw = True
187.9577 	EXP 	Recogn_hint: autoDraw = True
188.6674 	DATA 	Keypress: f
188.6785 	EXP 	New trial (rep=0, index=40): {'stimuluswords': 'десяток', 'lvl': 'filler', 'corrAns': 'f'}
188.7063 	EXP 	Recogn_word: autoDraw = False
188.7063 	EXP 	Recogn_hint: autoDraw = False
188.7063 	EXP 	Recogn_word: text = 'десяток'
188.7063 	EXP 	Recogn_word: autoDraw = True
188.7063 	EXP 	Recogn_hint: autoDraw = True
189.4289 	EXP 	New trial (rep=0, index=41): {'stimuluswords': 'масса', 'lvl': 'filler', 'corrAns': 'f'}
189.4390 	DATA 	Keypress: f
189.4573 	EXP 	Recogn_word: autoDraw = False
189.4573 	EXP 	Recogn_hint: autoDraw = False
189.4573 	EXP 	Recogn_word: text = 'масса'
189.4573 	EXP 	Recogn_word: autoDraw = True
189.4573 	EXP 	Recogn_hint: autoDraw = True
189.9958 	EXP 	New trial (rep=0, index=42): {'stimuluswords': 'случай', 'lvl': 'semant', 'corrAns': 'j'}
190.0097 	DATA 	Keypress: f
190.0239 	EXP 	Recogn_word: autoDraw = False
190.0239 	EXP 	Recogn_hint: autoDraw = False
190.0239 	EXP 	Recogn_word: text = 'случай'
190.0239 	EXP 	Recogn_word: autoDraw = True
190.0239 	EXP 	Recogn_hint: autoDraw = True
190.8110 	EXP 	New trial (rep=0, index=43): {'stimuluswords': 'секунда', 'lvl': 'filler', 'corrAns': 'f'}
190.8205 	DATA 	Keypress: j
190.8274 	EXP 	Recogn_word: autoDraw = False
190.8274 	EXP 	Recogn_hint: autoDraw = False
190.8274 	EXP 	Recogn_word: text = 'секунда'
190.8274 	EXP 	Recogn_word: autoDraw = True
190.8274 	EXP 	Recogn_hint: autoDraw = True
192.2617 	EXP 	New trial (rep=0, index=44): {'stimuluswords': 'качество', 'lvl': 'sens', 'corrAns': 'j'}
192.2752 	DATA 	Keypress: j
192.2902 	EXP 	Recogn_word: autoDraw = False
192.2902 	EXP 	Recogn_hint: autoDraw = False
192.2902 	EXP 	Recogn_word: text = 'качество'
192.2902 	EXP 	Recogn_word: autoDraw = True
192.2902 	EXP 	Recogn_hint: autoDraw = True
192.9645 	DATA 	Keypress: j
192.9766 	EXP 	New trial (rep=0, index=45): {'stimuluswords': 'транспорт', 'lvl': 'semant', 'corrAns': 'j'}
192.9916 	EXP 	Recogn_word: autoDraw = False
192.9916 	EXP 	Recogn_hint: autoDraw = False
192.9916 	EXP 	Recogn_word: text = 'транспорт'
192.9916 	EXP 	Recogn_word: autoDraw = True
192.9916 	EXP 	Recogn_hint: autoDraw = True
193.9284 	EXP 	New trial (rep=0, index=46): {'stimuluswords': 'язык', 'lvl': 'sens', 'corrAns': 'j'}
193.9430 	DATA 	Keypress: f
193.9567 	EXP 	Recogn_word: autoDraw = False
193.9567 	EXP 	Recogn_hint: autoDraw = False
193.9567 	EXP 	Recogn_word: text = 'язык'
193.9567 	EXP 	Recogn_word: autoDraw = True
193.9567 	EXP 	Recogn_hint: autoDraw = True
194.6131 	DATA 	Keypress: j
194.6275 	EXP 	New trial (rep=0, index=47): {'stimuluswords': 'тысяча', 'lvl': 'sens', 'corrAns': 'j'}
194.6563 	EXP 	Recogn_word: autoDraw = False
194.6563 	EXP 	Recogn_hint: autoDraw = False
194.6563 	EXP 	Recogn_word: text = 'тысяча'
194.6563 	EXP 	Recogn_word: autoDraw = True
194.6563 	EXP 	Recogn_hint: autoDraw = True
195.2314 	DATA 	Keypress: j
195.2436 	EXP 	New trial (rep=0, index=48): {'stimuluswords': 'море', 'lvl': 'semant', 'corrAns': 'j'}
195.2586 	EXP 	Recogn_word: autoDraw = False
195.2586 	EXP 	Recogn_hint: autoDraw = False
195.2586 	EXP 	Recogn_word: text = 'море'
195.2586 	EXP 	Recogn_word: autoDraw = True
195.2586 	EXP 	Recogn_hint: autoDraw = True
195.8675 	DATA 	Keypress: j
195.8805 	EXP 	New trial (rep=0, index=49): {'stimuluswords': 'имя', 'lvl': 'sens', 'corrAns': 'j'}
195.9051 	EXP 	Recogn_word: autoDraw = False
195.9051 	EXP 	Recogn_hint: autoDraw = False
195.9051 	EXP 	Recogn_word: text = 'имя'
195.9051 	EXP 	Recogn_word: autoDraw = True
195.9051 	EXP 	Recogn_hint: autoDraw = True
196.3792 	DATA 	Keypress: j
196.3944 	EXP 	New trial (rep=0, index=50): {'stimuluswords': 'столик', 'lvl': 'filler', 'corrAns': 'f'}
196.4229 	EXP 	Recogn_word: autoDraw = False
196.4229 	EXP 	Recogn_hint: autoDraw = False
196.4229 	EXP 	Recogn_word: text = 'столик'
196.4229 	EXP 	Recogn_word: autoDraw = True
196.4229 	EXP 	Recogn_hint: autoDraw = True
197.1279 	EXP 	New trial (rep=0, index=51): {'stimuluswords': 'момент', 'lvl': 'sens', 'corrAns': 'j'}
197.1404 	DATA 	Keypress: f
197.1563 	EXP 	Recogn_word: autoDraw = False
197.1563 	EXP 	Recogn_hint: autoDraw = False
197.1563 	EXP 	Recogn_word: text = 'момент'
197.1563 	EXP 	Recogn_word: autoDraw = True
197.1563 	EXP 	Recogn_hint: autoDraw = True
198.7942 	EXP 	New trial (rep=0, index=52): {'stimuluswords': 'вино', 'lvl': 'filler', 'corrAns': 'f'}
198.8039 	DATA 	Keypress: j
198.8230 	EXP 	Recogn_word: autoDraw = False
198.8230 	EXP 	Recogn_hint: autoDraw = False
198.8230 	EXP 	Recogn_word: text = 'вино'
198.8230 	EXP 	Recogn_word: autoDraw = True
198.8230 	EXP 	Recogn_hint: autoDraw = True
199.5461 	DATA 	Keypress: f
199.5616 	EXP 	New trial (rep=0, index=53): {'stimuluswords': 'улица', 'lvl': 'filler', 'corrAns': 'f'}
199.5890 	EXP 	Recogn_word: autoDraw = False
199.5890 	EXP 	Recogn_hint: autoDraw = False
199.5890 	EXP 	Recogn_word: text = 'улица'
199.5890 	EXP 	Recogn_word: autoDraw = True
199.5890 	EXP 	Recogn_hint: autoDraw = True
201.8134 	DATA 	Keypress: j
201.8266 	EXP 	New trial (rep=0, index=54): {'stimuluswords': 'кольцо', 'lvl': 'filler', 'corrAns': 'f'}
201.8554 	EXP 	Recogn_word: autoDraw = False
201.8554 	EXP 	Recogn_hint: autoDraw = False
201.8554 	EXP 	Recogn_word: text = 'кольцо'
201.8554 	EXP 	Recogn_word: autoDraw = True
201.8554 	EXP 	Recogn_hint: autoDraw = True
202.8752 	EXP 	New trial (rep=0, index=55): {'stimuluswords': 'дочка', 'lvl': 'filler', 'corrAns': 'f'}
202.8846 	DATA 	Keypress: f
202.8909 	EXP 	Recogn_word: autoDraw = False
202.8909 	EXP 	Recogn_hint: autoDraw = False
202.8909 	EXP 	Recogn_word: text = 'дочка'
202.8909 	EXP 	Recogn_word: autoDraw = True
202.8909 	EXP 	Recogn_hint: autoDraw = True
205.2417 	EXP 	New trial (rep=0, index=56): {'stimuluswords': 'статья', 'lvl': 'sens', 'corrAns': 'j'}
205.2518 	DATA 	Keypress: f
205.2585 	EXP 	Recogn_word: autoDraw = False
205.2585 	EXP 	Recogn_hint: autoDraw = False
205.2585 	EXP 	Recogn_word: text = 'статья'
205.2585 	EXP 	Recogn_word: autoDraw = True
205.2585 	EXP 	Recogn_hint: autoDraw = True
205.9353 	DATA 	Keypress: j
205.9597 	EXP 	New trial (rep=0, index=57): {'stimuluswords': 'действие', 'lvl': 'filler', 'corrAns': 'f'}
205.9882 	EXP 	Recogn_word: autoDraw = False
205.9882 	EXP 	Recogn_hint: autoDraw = False
205.9882 	EXP 	Recogn_word: text = 'действие'
205.9882 	EXP 	Recogn_word: autoDraw = True
205.9882 	EXP 	Recogn_hint: autoDraw = True
206.9441 	DATA 	Keypress: f
206.9606 	EXP 	New trial (rep=0, index=58): {'stimuluswords': 'начало', 'lvl': 'filler', 'corrAns': 'f'}
206.9882 	EXP 	Recogn_word: autoDraw = False
206.9882 	EXP 	Recogn_hint: autoDraw = False
206.9882 	EXP 	Recogn_word: text = 'начало'
206.9882 	EXP 	Recogn_word: autoDraw = True
206.9882 	EXP 	Recogn_hint: autoDraw = True
207.9794 	DATA 	Keypress: j
207.9932 	EXP 	New trial (rep=0, index=59): {'stimuluswords': 'группа', 'lvl': 'filler', 'corrAns': 'f'}
208.0215 	EXP 	Recogn_word: autoDraw = False
208.0215 	EXP 	Recogn_hint: autoDraw = False
208.0215 	EXP 	Recogn_word: text = 'группа'
208.0215 	EXP 	Recogn_word: autoDraw = True
208.0215 	EXP 	Recogn_hint: autoDraw = True
208.7142 	DATA 	Keypress: f
208.7294 	EXP 	New trial (rep=0, index=60): {'stimuluswords': 'рассказ', 'lvl': 'sens', 'corrAns': 'j'}
208.7543 	EXP 	Recogn_word: autoDraw = False
208.7543 	EXP 	Recogn_hint: autoDraw = False
208.7543 	EXP 	Recogn_word: text = 'рассказ'
208.7543 	EXP 	Recogn_word: autoDraw = True
208.7543 	EXP 	Recogn_hint: autoDraw = True
209.6323 	DATA 	Keypress: j
209.6430 	EXP 	New trial (rep=0, index=61): {'stimuluswords': 'страна', 'lvl': 'semant', 'corrAns': 'j'}
209.6700 	EXP 	Recogn_word: autoDraw = False
209.6700 	EXP 	Recogn_hint: autoDraw = False
209.6700 	EXP 	Recogn_word: text = 'страна'
209.6700 	EXP 	Recogn_word: autoDraw = True
209.6700 	EXP 	Recogn_hint: autoDraw = True
210.3750 	EXP 	New trial (rep=0, index=62): {'stimuluswords': 'танец', 'lvl': 'filler', 'corrAns': 'f'}
210.3868 	DATA 	Keypress: j
210.4033 	EXP 	Recogn_word: autoDraw = False
210.4033 	EXP 	Recogn_hint: autoDraw = False
210.4033 	EXP 	Recogn_word: text = 'танец'
210.4033 	EXP 	Recogn_word: autoDraw = True
210.4033 	EXP 	Recogn_hint: autoDraw = True
211.0597 	EXP 	New trial (rep=0, index=63): {'stimuluswords': 'село', 'lvl': 'filler', 'corrAns': 'f'}
211.0702 	DATA 	Keypress: f
211.0875 	EXP 	Recogn_word: autoDraw = False
211.0875 	EXP 	Recogn_hint: autoDraw = False
211.0875 	EXP 	Recogn_word: text = 'село'
211.0875 	EXP 	Recogn_word: autoDraw = True
211.0875 	EXP 	Recogn_hint: autoDraw = True
211.7632 	DATA 	Keypress: f
211.7745 	EXP 	New trial (rep=0, index=64): {'stimuluswords': 'земля', 'lvl': 'filler', 'corrAns': 'f'}
211.7903 	EXP 	Recogn_word: autoDraw = False
211.7903 	EXP 	Recogn_hint: autoDraw = False
211.7903 	EXP 	Recogn_word: text = 'земля'
211.7903 	EXP 	Recogn_word: autoDraw = True
211.7903 	EXP 	Recogn_hint: autoDraw = True
212.4924 	EXP 	New trial (rep=0, index=65): {'stimuluswords': 'минута', 'lvl': 'semant', 'corrAns': 'j'}
212.5059 	DATA 	Keypress: j
212.5207 	EXP 	Recogn_word: autoDraw = False
212.5207 	EXP 	Recogn_hint: autoDraw = False
212.5207 	EXP 	Recogn_word: text = 'минута'
212.5207 	EXP 	Recogn_word: autoDraw = True
212.5207 	EXP 	Recogn_hint: autoDraw = True
213.1912 	EXP 	New trial (rep=0, index=66): {'stimuluswords': 'диван', 'lvl': 'semant', 'corrAns': 'j'}
213.1999 	DATA 	Keypress: j
213.2056 	EXP 	Recogn_word: autoDraw = False
213.2056 	EXP 	Recogn_hint: autoDraw = False
213.2056 	EXP 	Recogn_word: text = 'диван'
213.2056 	EXP 	Recogn_word: autoDraw = True
213.2056 	EXP 	Recogn_hint: autoDraw = True
214.0261 	EXP 	New trial (rep=0, index=67): {'stimuluswords': 'прокурор', 'lvl': 'filler', 'corrAns': 'f'}
214.0397 	DATA 	Keypress: j
214.0541 	EXP 	Recogn_word: autoDraw = False
214.0541 	EXP 	Recogn_hint: autoDraw = False
214.0541 	EXP 	Recogn_word: text = 'прокурор'
214.0541 	EXP 	Recogn_word: autoDraw = True
214.0541 	EXP 	Recogn_hint: autoDraw = True
214.7618 	DATA 	Keypress: f
214.7752 	EXP 	New trial (rep=0, index=68): {'stimuluswords': 'рынок', 'lvl': 'filler', 'corrAns': 'f'}
214.8027 	EXP 	Recogn_word: autoDraw = False
214.8027 	EXP 	Recogn_hint: autoDraw = False
214.8027 	EXP 	Recogn_word: text = 'рынок'
214.8027 	EXP 	Recogn_word: autoDraw = True
214.8027 	EXP 	Recogn_hint: autoDraw = True
215.7249 	EXP 	New trial (rep=0, index=69): {'stimuluswords': 'комната', 'lvl': 'filler', 'corrAns': 'f'}
215.7352 	DATA 	Keypress: j
215.7535 	EXP 	Recogn_word: autoDraw = False
215.7535 	EXP 	Recogn_hint: autoDraw = False
215.7535 	EXP 	Recogn_word: text = 'комната'
215.7535 	EXP 	Recogn_word: autoDraw = True
215.7535 	EXP 	Recogn_hint: autoDraw = True
216.8434 	DATA 	Keypress: f
216.8582 	EXP 	New trial (rep=0, index=70): {'stimuluswords': 'масштаб', 'lvl': 'sens', 'corrAns': 'j'}
216.8867 	EXP 	Recogn_word: autoDraw = False
216.8867 	EXP 	Recogn_hint: autoDraw = False
216.8867 	EXP 	Recogn_word: text = 'масштаб'
216.8867 	EXP 	Recogn_word: autoDraw = True
216.8867 	EXP 	Recogn_hint: autoDraw = True
217.5954 	DATA 	Keypress: j
217.6073 	EXP 	New trial (rep=0, index=71): {'stimuluswords': 'учет', 'lvl': 'filler', 'corrAns': 'f'}
217.6359 	EXP 	Recogn_word: autoDraw = False
217.6359 	EXP 	Recogn_hint: autoDraw = False
217.6359 	EXP 	Recogn_word: text = 'учет'
217.6359 	EXP 	Recogn_word: autoDraw = True
217.6359 	EXP 	Recogn_hint: autoDraw = True
218.3913 	EXP 	New trial (rep=0, index=72): {'stimuluswords': 'процент', 'lvl': 'filler', 'corrAns': 'f'}
218.4023 	DATA 	Keypress: f
218.4202 	EXP 	Recogn_word: autoDraw = False
218.4202 	EXP 	Recogn_hint: autoDraw = False
218.4202 	EXP 	Recogn_word: text = 'процент'
218.4202 	EXP 	Recogn_word: autoDraw = True
218.4202 	EXP 	Recogn_hint: autoDraw = True
219.0952 	DATA 	Keypress: f
219.1063 	EXP 	New trial (rep=0, index=73): {'stimuluswords': 'звезда', 'lvl': 'semant', 'corrAns': 'j'}
219.1217 	EXP 	Recogn_word: autoDraw = False
219.1217 	EXP 	Recogn_hint: autoDraw = False
219.1217 	EXP 	Recogn_word: text = 'звезда'
219.1217 	EXP 	Recogn_word: autoDraw = True
219.1217 	EXP 	Recogn_hint: autoDraw = True
220.3233 	EXP 	New trial (rep=0, index=74): {'stimuluswords': 'объект', 'lvl': 'filler', 'corrAns': 'f'}
220.3315 	DATA 	Keypress: j
220.3369 	EXP 	Recogn_word: autoDraw = False
220.3369 	EXP 	Recogn_hint: autoDraw = False
220.3369 	EXP 	Recogn_word: text = 'объект'
220.3369 	EXP 	Recogn_word: autoDraw = True
220.3369 	EXP 	Recogn_hint: autoDraw = True
220.8932 	DATA 	Keypress: j
220.9066 	EXP 	New trial (rep=0, index=75): {'stimuluswords': 'металл', 'lvl': 'sens', 'corrAns': 'j'}
220.9225 	EXP 	Recogn_word: autoDraw = False
220.9225 	EXP 	Recogn_hint: autoDraw = False
220.9225 	EXP 	Recogn_word: text = 'металл'
220.9225 	EXP 	Recogn_word: autoDraw = True
220.9225 	EXP 	Recogn_hint: autoDraw = True
221.5764 	DATA 	Keypress: j
221.5909 	EXP 	New trial (rep=0, index=76): {'stimuluswords': 'женщина', 'lvl': 'filler', 'corrAns': 'f'}
221.6195 	EXP 	Recogn_word: autoDraw = False
221.6195 	EXP 	Recogn_hint: autoDraw = False
221.6195 	EXP 	Recogn_word: text = 'женщина'
221.6195 	EXP 	Recogn_word: autoDraw = True
221.6195 	EXP 	Recogn_hint: autoDraw = True
222.5391 	EXP 	New trial (rep=0, index=77): {'stimuluswords': 'месяц', 'lvl': 'sens', 'corrAns': 'j'}
222.5473 	DATA 	Keypress: j
222.5537 	EXP 	Recogn_word: autoDraw = False
222.5537 	EXP 	Recogn_hint: autoDraw = False
222.5537 	EXP 	Recogn_word: text = 'месяц'
222.5537 	EXP 	Recogn_word: autoDraw = True
222.5537 	EXP 	Recogn_hint: autoDraw = True
223.8126 	DATA 	Keypress: j
223.8235 	EXP 	New trial (rep=0, index=78): {'stimuluswords': 'зима', 'lvl': 'semant', 'corrAns': 'j'}
223.8364 	EXP 	Recogn_word: autoDraw = False
223.8364 	EXP 	Recogn_hint: autoDraw = False
223.8364 	EXP 	Recogn_word: text = 'зима'
223.8364 	EXP 	Recogn_word: autoDraw = True
223.8364 	EXP 	Recogn_hint: autoDraw = True
224.4234 	EXP 	New trial (rep=0, index=79): {'stimuluswords': 'печать', 'lvl': 'semant', 'corrAns': 'j'}
224.4336 	DATA 	Keypress: j
224.4521 	EXP 	Recogn_word: autoDraw = False
224.4521 	EXP 	Recogn_hint: autoDraw = False
224.4521 	EXP 	Recogn_word: text = 'печать'
224.4521 	EXP 	Recogn_word: autoDraw = True
224.4521 	EXP 	Recogn_hint: autoDraw = True
225.0956 	DATA 	Keypress: f
225.1188 	EXP 	Recogn_word: autoDraw = False
225.1188 	EXP 	Recogn_hint: autoDraw = False
225.1188 	EXP 	Goodbye_text: autoDraw = True
230.1340 	EXP 	Goodbye_text: autoDraw = False
230.3044 	EXP 	window1: mouseVisible = True
